   Compiling parking_lot_core v0.9.9
   Compiling lock_api v0.4.11
   Compiling scopeguard v1.2.0
   Compiling smallvec v1.11.2
   Compiling windows-sys v0.48.0
   Compiling tokio-macros v2.2.0
   Compiling num_cpus v1.16.0
   Compiling parking_lot v0.12.1
   Compiling socket2 v0.5.5
   Compiling mio v0.8.9
   Compiling schannel v0.1.22
   Compiling winreg v0.50.0
   Compiling native-tls v0.2.11
   Compiling tokio v1.34.0
   Compiling tokio-util v0.7.10
   Compiling tokio-native-tls v0.3.1
   Compiling h2 v0.3.22
   Compiling hyper v0.14.27
   Compiling hyper-tls v0.5.0
   Compiling reqwest v0.11.22
   Compiling example_140 v0.1.0 (P:\anqi\Desktop\tech\rust\projects\rust-study\src\comprehensive-rust\ok\rs\example_140)
    Finished dev [unoptimized + debuginfo] target(s) in 34.81s
     Running `target\debug\example_140.exe`
{"https://google.com": Ok(55417), "BAD_URL": Err(builder error: relative URL without a base

Caused by:
    relative URL without a base), "https://httpbin.org/ip": Ok(33), "https://play.rust-lang.org/": Ok(603)}