   Compiling windows_x86_64_msvc v0.48.5
   Compiling autocfg v1.1.0
   Compiling parking_lot_core v0.9.9
   Compiling scopeguard v1.2.0
   Compiling cfg-if v1.0.0
   Compiling smallvec v1.11.2
   Compiling bytes v1.5.0
   Compiling tokio-macros v2.2.0
   Compiling num_cpus v1.16.0
   Compiling lock_api v0.4.11
   Compiling windows-targets v0.48.5
   Compiling windows-sys v0.48.0
   Compiling parking_lot v0.12.1
   Compiling socket2 v0.5.5
   Compiling mio v0.8.9
   Compiling tokio v1.34.0
   Compiling example_144 v0.1.0 (P:\anqi\Desktop\tech\rust\projects\rust-study\src\comprehensive-rust\ok\rs\example_144)
    Finished dev [unoptimized + debuginfo] target(s) in 14.47s
     Running `target\debug\example_144.exe`
running all sleepers..
slept for 61ms
slept for 110ms
running all sleepers..
slept for 61ms
slept for 108ms
running all sleepers..
slept for 60ms
slept for 106ms
running all sleepers..
slept for 60ms
slept for 107ms
running all sleepers..
slept for 59ms
slept for 108ms