   Compiling windows_x86_64_msvc v0.48.5
   Compiling proc-macro2 v1.0.69
   Compiling autocfg v1.1.0
   Compiling unicode-ident v1.0.12
   Compiling parking_lot_core v0.9.9
   Compiling scopeguard v1.2.0
   Compiling cfg-if v1.0.0
   Compiling smallvec v1.11.2
   Compiling num_cpus v1.16.0
   Compiling bytes v1.5.0
   Compiling pin-project-lite v0.2.13
   Compiling lock_api v0.4.11
   Compiling windows-targets v0.48.5
   Compiling windows-sys v0.48.0
   Compiling quote v1.0.33
   Compiling parking_lot v0.12.1
   Compiling syn v2.0.39
   Compiling mio v0.8.9
   Compiling socket2 v0.5.5
   Compiling tokio-macros v2.2.0
   Compiling tokio v1.34.0
   Compiling example_145 v0.1.0 (P:\anqi\Desktop\tech\rust\projects\rust-study\src\comprehensive-rust\ok\rs\example_145)
    Finished dev [unoptimized + debuginfo] target(s) in 22.07s
     Running `target\debug\example_145.exe`
tick!
i
tick!
tick!