Updating crates.io index
    Blocking waiting for file lock on package cache
    Blocking waiting for file lock on package cache
  Downloaded socket2 v0.5.5
  Downloaded tokio-macros v2.2.0
  Downloaded smallvec v1.11.2
  Downloaded mio v0.8.9
  Downloaded 4 crates (203.4 KB) in 5.88s
    Blocking waiting for file lock on package cache
   Compiling windows_x86_64_msvc v0.48.5
   Compiling proc-macro2 v1.0.69
   Compiling autocfg v1.1.0
   Compiling unicode-ident v1.0.12
   Compiling parking_lot_core v0.9.9
   Compiling smallvec v1.11.2
   Compiling cfg-if v1.0.0
   Compiling scopeguard v1.2.0
   Compiling bytes v1.5.0
   Compiling num_cpus v1.16.0
   Compiling windows-targets v0.48.5
   Compiling windows-sys v0.48.0
   Compiling lock_api v0.4.11
   Compiling parking_lot v0.12.1
   Compiling quote v1.0.33
   Compiling syn v2.0.39
   Compiling socket2 v0.5.5
   Compiling mio v0.8.9
   Compiling tokio-macros v2.2.0
   Compiling tokio v1.34.0
   Compiling example_137 v0.1.0 (P:\anqi\Desktop\tech\rust\projects\rust-study\src\comprehensive-rust\ok\rs\example_137)
    Finished dev [unoptimized + debuginfo] target(s) in 39.33s
     Running `target\debug\example_137.exe`
Main task: 1
Count in task: 1!
Count in task: 2!
Main task: 2
Main task: 3
Count in task: 3!
Main task: 4
Count in task: 4!
Count in task: 5!